<?xml version="1.0" encoding="UTF-8"?>
<!-- Generated by org.testng.reporters.JUnitReportReporter -->
<testsuite hostname="Sonalis_AsusVB" failures="0" tests="3" name="TestRunner.RunnerTest" time="45.885" errors="0" timestamp="16 Jan 2024 09:20:12 GMT" skipped="0">
  <testcase classname="TestRunner.RunnerTest" name="runScenario" time="6.089"/>
  <testcase classname="TestRunner.RunnerTest" name="runScenario" time="32.949"/>
  <testcase classname="TestRunner.RunnerTest" name="runScenario" time="6.847"/>
</testsuite> <!-- TestRunner.RunnerTest -->
