<?xml version="1.0" encoding="UTF-8"?>
<!-- Generated by org.testng.reporters.JUnitReportReporter -->
<testsuite hostname="Sonalis_AsusVB" failures="0" tests="4" name="TestRunner.RunnerTest" time="47.613" errors="0" timestamp="16 Jan 2024 10:15:31 GMT" skipped="0">
  <testcase classname="TestRunner.RunnerTest" name="runScenario" time="28.564"/>
  <testcase classname="TestRunner.RunnerTest" name="runScenario" time="8.048"/>
  <testcase classname="TestRunner.RunnerTest" name="runScenario" time="4.920"/>
  <testcase classname="TestRunner.RunnerTest" name="runScenario" time="6.081"/>
</testsuite> <!-- TestRunner.RunnerTest -->
