<?xml version="1.0" encoding="UTF-8"?>
<!-- Generated by org.testng.reporters.JUnitReportReporter -->
<testsuite hostname="Sonalis_AsusVB" failures="0" tests="1" name="TestRunner.RunnerTest" time="20.233" errors="0" timestamp="16 Jan 2024 08:06:18 GMT" skipped="0">
  <testcase classname="TestRunner.RunnerTest" name="runScenario" time="20.233"/>
</testsuite> <!-- TestRunner.RunnerTest -->
