<?xml version="1.0" encoding="UTF-8"?>
<!-- Generated by org.testng.reporters.JUnitReportReporter -->
<testsuite hostname="Sonalis_AsusVB" failures="0" tests="2" name="TestRunner.RunnerTest" time="35.977" errors="0" timestamp="16 Jan 2024 08:44:08 GMT" skipped="0">
  <testcase classname="TestRunner.RunnerTest" name="runScenario" time="29.821"/>
  <testcase classname="TestRunner.RunnerTest" name="runScenario" time="6.156"/>
</testsuite> <!-- TestRunner.RunnerTest -->
